<?xml version="1.0" encoding="UTF-8"?>
<!-- Generated by org.testng.reporters.JUnitReportReporter -->
<testsuite hostname="NDI-LAP-357" name="com.decexp.tests.HelloWorld" tests="1" failures="0" timestamp="9 Aug 2016 08:35:49 GMT" time="0.075" errors="0">
  <testcase name="testHello" time="0.075" classname="com.decexp.tests.HelloWorld"/>
</testsuite> <!-- com.decexp.tests.HelloWorld -->
