<?xml version="1.0" encoding="UTF-8"?>
<!-- Generated by org.testng.reporters.JUnitReportReporter -->
<testsuite hostname="NDI-LAP-357" name="com.decexp.tests.MemberTest" tests="2" failures="0" timestamp="3 Oct 2016 11:26:04 GMT" time="418.577" errors="0">
  <testcase name="createNewMember" time="238.023" classname="com.decexp.tests.MemberTest"/>
  <testcase name="createNewProspect" time="180.554" classname="com.decexp.tests.MemberTest"/>
</testsuite> <!-- com.decexp.tests.MemberTest -->
