<?xml version="1.0" encoding="UTF-8"?>
<!-- Generated by org.testng.reporters.JUnitReportReporter -->
<testsuite hostname="NDI-LAP-357" name="com.decexp.tests.CRMLoginTest" tests="1" failures="0" timestamp="17 Aug 2016 07:35:49 GMT" time="10.787" errors="0">
  <testcase name="validLogin" time="10.787" classname="com.decexp.tests.CRMLoginTest"/>
</testsuite> <!-- com.decexp.tests.CRMLoginTest -->
